[    1195ms] [LOG] JSHandle@node @ https://www.cineby.at/_next/static/chunks/pages/_app-7f914c75005fa612.js:0
[    1196ms] [LOG] Sun Jul 05 2026 19:48:44 GMT+0530 (India Standard Time) @ https://www.cineby.at/_next/static/chunks/pages/_app-7f914c75005fa612.js:0
[    1201ms] [LOG] function(){} @ https://www.cineby.at/_next/static/chunks/pages/_app-7f914c75005fa612.js:0
[    1201ms] [TABLE] [Object, Object, Object, Object, Object, Object, Object, Object, Object, Object, Object, Object, Object, Object, Object, Object, Object, Object, Object, Object, Object, Object, Object, Object, Object, Object, Object, Object, Object, Object, Object, Object, Object, Object, Object, Object, Object, Object, Object, Object, Object, Object, Object, Object, Object, Object, Object, Object, Object, Object] @ https://www.cineby.at/_next/static/chunks/pages/_app-7f914c75005fa612.js:0
[    1216ms] [LOG] [Object, Object, Object, Object, Object, Object, Object, Object, Object, Object, Object, Object, Object, Object, Object, Object, Object, Object, Object, Object, Object, Object, Object, Object, Object, Object, Object, Object, Object, Object, Object, Object, Object, Object, Object, Object, Object, Object, Object, Object, Object, Object, Object, Object, Object, Object, Object, Object, Object, Object] @ https://www.cineby.at/_next/static/chunks/pages/_app-7f914c75005fa612.js:0
[    1219ms] [LOG] error:  Cannot read properties of undefined (reading 'results') @ https://www.cineby.at/_next/static/chunks/pages/movie/%5B...params%5D-7b36598a8c9e62cf.js:0
[    1656ms] [LOG] JSHandle@node @ https://www.cineby.at/_next/static/chunks/pages/_app-7f914c75005fa612.js:0
[    1656ms] [LOG] Sun Jul 05 2026 19:48:44 GMT+0530 (India Standard Time) @ https://www.cineby.at/_next/static/chunks/pages/_app-7f914c75005fa612.js:0
[    1656ms] [LOG] function(){} @ https://www.cineby.at/_next/static/chunks/pages/_app-7f914c75005fa612.js:0
[    1656ms] [TABLE] [Object, Object, Object, Object, Object, Object, Object, Object, Object, Object, Object, Object, Object, Object, Object, Object, Object, Object, Object, Object, Object, Object, Object, Object, Object, Object, Object, Object, Object, Object, Object, Object, Object, Object, Object, Object, Object, Object, Object, Object, Object, Object, Object, Object, Object, Object, Object, Object, Object, Object] @ https://www.cineby.at/_next/static/chunks/pages/_app-7f914c75005fa612.js:0
[    1668ms] [LOG] [Object, Object, Object, Object, Object, Object, Object, Object, Object, Object, Object, Object, Object, Object, Object, Object, Object, Object, Object, Object, Object, Object, Object, Object, Object, Object, Object, Object, Object, Object, Object, Object, Object, Object, Object, Object, Object, Object, Object, Object, Object, Object, Object, Object, Object, Object, Object, Object, Object, Object] @ https://www.cineby.at/_next/static/chunks/pages/_app-7f914c75005fa612.js:0
[    2157ms] [LOG] JSHandle@node @ https://www.cineby.at/_next/static/chunks/pages/_app-7f914c75005fa612.js:0
[    2157ms] [LOG] Sun Jul 05 2026 19:48:44 GMT+0530 (India Standard Time) @ https://www.cineby.at/_next/static/chunks/pages/_app-7f914c75005fa612.js:0
[    2157ms] [LOG] function(){} @ https://www.cineby.at/_next/static/chunks/pages/_app-7f914c75005fa612.js:0
[    2157ms] [TABLE] [Object, Object, Object, Object, Object, Object, Object, Object, Object, Object, Object, Object, Object, Object, Object, Object, Object, Object, Object, Object, Object, Object, Object, Object, Object, Object, Object, Object, Object, Object, Object, Object, Object, Object, Object, Object, Object, Object, Object, Object, Object, Object, Object, Object, Object, Object, Object, Object, Object, Object] @ https://www.cineby.at/_next/static/chunks/pages/_app-7f914c75005fa612.js:0
[    2176ms] [LOG] [Object, Object, Object, Object, Object, Object, Object, Object, Object, Object, Object, Object, Object, Object, Object, Object, Object, Object, Object, Object, Object, Object, Object, Object, Object, Object, Object, Object, Object, Object, Object, Object, Object, Object, Object, Object, Object, Object, Object, Object, Object, Object, Object, Object, Object, Object, Object, Object, Object, Object] @ https://www.cineby.at/_next/static/chunks/pages/_app-7f914c75005fa612.js:0
[    2656ms] [LOG] JSHandle@node @ https://www.cineby.at/_next/static/chunks/pages/_app-7f914c75005fa612.js:0
[    2657ms] [LOG] Sun Jul 05 2026 19:48:44 GMT+0530 (India Standard Time) @ https://www.cineby.at/_next/static/chunks/pages/_app-7f914c75005fa612.js:0
[    2657ms] [LOG] function(){} @ https://www.cineby.at/_next/static/chunks/pages/_app-7f914c75005fa612.js:0
[    2657ms] [TABLE] [Object, Object, Object, Object, Object, Object, Object, Object, Object, Object, Object, Object, Object, Object, Object, Object, Object, Object, Object, Object, Object, Object, Object, Object, Object, Object, Object, Object, Object, Object, Object, Object, Object, Object, Object, Object, Object, Object, Object, Object, Object, Object, Object, Object, Object, Object, Object, Object, Object, Object] @ https://www.cineby.at/_next/static/chunks/pages/_app-7f914c75005fa612.js:0
[    2689ms] [LOG] [Object, Object, Object, Object, Object, Object, Object, Object, Object, Object, Object, Object, Object, Object, Object, Object, Object, Object, Object, Object, Object, Object, Object, Object, Object, Object, Object, Object, Object, Object, Object, Object, Object, Object, Object, Object, Object, Object, Object, Object, Object, Object, Object, Object, Object, Object, Object, Object, Object, Object] @ https://www.cineby.at/_next/static/chunks/pages/_app-7f914c75005fa612.js:0
[    3156ms] [LOG] JSHandle@node @ https://www.cineby.at/_next/static/chunks/pages/_app-7f914c75005fa612.js:0
[    3157ms] [LOG] Sun Jul 05 2026 19:48:44 GMT+0530 (India Standard Time) @ https://www.cineby.at/_next/static/chunks/pages/_app-7f914c75005fa612.js:0
[    3157ms] [LOG] function(){} @ https://www.cineby.at/_next/static/chunks/pages/_app-7f914c75005fa612.js:0
[    3157ms] [TABLE] [Object, Object, Object, Object, Object, Object, Object, Object, Object, Object, Object, Object, Object, Object, Object, Object, Object, Object, Object, Object, Object, Object, Object, Object, Object, Object, Object, Object, Object, Object, Object, Object, Object, Object, Object, Object, Object, Object, Object, Object, Object, Object, Object, Object, Object, Object, Object, Object, Object, Object] @ https://www.cineby.at/_next/static/chunks/pages/_app-7f914c75005fa612.js:0
[    3174ms] [LOG] [Object, Object, Object, Object, Object, Object, Object, Object, Object, Object, Object, Object, Object, Object, Object, Object, Object, Object, Object, Object, Object, Object, Object, Object, Object, Object, Object, Object, Object, Object, Object, Object, Object, Object, Object, Object, Object, Object, Object, Object, Object, Object, Object, Object, Object, Object, Object, Object, Object, Object] @ https://www.cineby.at/_next/static/chunks/pages/_app-7f914c75005fa612.js:0
[    3657ms] [LOG] JSHandle@node @ https://www.cineby.at/_next/static/chunks/pages/_app-7f914c75005fa612.js:0
[    3657ms] [LOG] Sun Jul 05 2026 19:48:44 GMT+0530 (India Standard Time) @ https://www.cineby.at/_next/static/chunks/pages/_app-7f914c75005fa612.js:0
[    3657ms] [LOG] function(){} @ https://www.cineby.at/_next/static/chunks/pages/_app-7f914c75005fa612.js:0
[    3657ms] [TABLE] [Object, Object, Object, Object, Object, Object, Object, Object, Object, Object, Object, Object, Object, Object, Object, Object, Object, Object, Object, Object, Object, Object, Object, Object, Object, Object, Object, Object, Object, Object, Object, Object, Object, Object, Object, Object, Object, Object, Object, Object, Object, Object, Object, Object, Object, Object, Object, Object, Object, Object] @ https://www.cineby.at/_next/static/chunks/pages/_app-7f914c75005fa612.js:0
[    3676ms] [LOG] [Object, Object, Object, Object, Object, Object, Object, Object, Object, Object, Object, Object, Object, Object, Object, Object, Object, Object, Object, Object, Object, Object, Object, Object, Object, Object, Object, Object, Object, Object, Object, Object, Object, Object, Object, Object, Object, Object, Object, Object, Object, Object, Object, Object, Object, Object, Object, Object, Object, Object] @ https://www.cineby.at/_next/static/chunks/pages/_app-7f914c75005fa612.js:0
[    4156ms] [LOG] JSHandle@node @ https://www.cineby.at/_next/static/chunks/pages/_app-7f914c75005fa612.js:0
[    4157ms] [LOG] Sun Jul 05 2026 19:48:44 GMT+0530 (India Standard Time) @ https://www.cineby.at/_next/static/chunks/pages/_app-7f914c75005fa612.js:0
[    4157ms] [LOG] function(){} @ https://www.cineby.at/_next/static/chunks/pages/_app-7f914c75005fa612.js:0
[    4157ms] [TABLE] [Object, Object, Object, Object, Object, Object, Object, Object, Object, Object, Object, Object, Object, Object, Object, Object, Object, Object, Object, Object, Object, Object, Object, Object, Object, Object, Object, Object, Object, Object, Object, Object, Object, Object, Object, Object, Object, Object, Object, Object, Object, Object, Object, Object, Object, Object, Object, Object, Object, Object] @ https://www.cineby.at/_next/static/chunks/pages/_app-7f914c75005fa612.js:0
[    4181ms] [LOG] [Object, Object, Object, Object, Object, Object, Object, Object, Object, Object, Object, Object, Object, Object, Object, Object, Object, Object, Object, Object, Object, Object, Object, Object, Object, Object, Object, Object, Object, Object, Object, Object, Object, Object, Object, Object, Object, Object, Object, Object, Object, Object, Object, Object, Object, Object, Object, Object, Object, Object] @ https://www.cineby.at/_next/static/chunks/pages/_app-7f914c75005fa612.js:0
[    4657ms] [LOG] JSHandle@node @ https://www.cineby.at/_next/static/chunks/pages/_app-7f914c75005fa612.js:0
[    4657ms] [LOG] Sun Jul 05 2026 19:48:44 GMT+0530 (India Standard Time) @ https://www.cineby.at/_next/static/chunks/pages/_app-7f914c75005fa612.js:0
[    4658ms] [LOG] function(){} @ https://www.cineby.at/_next/static/chunks/pages/_app-7f914c75005fa612.js:0
[    4658ms] [TABLE] [Object, Object, Object, Object, Object, Object, Object, Object, Object, Object, Object, Object, Object, Object, Object, Object, Object, Object, Object, Object, Object, Object, Object, Object, Object, Object, Object, Object, Object, Object, Object, Object, Object, Object, Object, Object, Object, Object, Object, Object, Object, Object, Object, Object, Object, Object, Object, Object, Object, Object] @ https://www.cineby.at/_next/static/chunks/pages/_app-7f914c75005fa612.js:0
[    4681ms] [LOG] [Object, Object, Object, Object, Object, Object, Object, Object, Object, Object, Object, Object, Object, Object, Object, Object, Object, Object, Object, Object, Object, Object, Object, Object, Object, Object, Object, Object, Object, Object, Object, Object, Object, Object, Object, Object, Object, Object, Object, Object, Object, Object, Object, Object, Object, Object, Object, Object, Object, Object] @ https://www.cineby.at/_next/static/chunks/pages/_app-7f914c75005fa612.js:0
[    5157ms] [LOG] JSHandle@node @ https://www.cineby.at/_next/static/chunks/pages/_app-7f914c75005fa612.js:0
[    5157ms] [LOG] Sun Jul 05 2026 19:48:44 GMT+0530 (India Standard Time) @ https://www.cineby.at/_next/static/chunks/pages/_app-7f914c75005fa612.js:0
[    5157ms] [LOG] function(){} @ https://www.cineby.at/_next/static/chunks/pages/_app-7f914c75005fa612.js:0
[    5157ms] [TABLE] [Object, Object, Object, Object, Object, Object, Object, Object, Object, Object, Object, Object, Object, Object, Object, Object, Object, Object, Object, Object, Object, Object, Object, Object, Object, Object, Object, Object, Object, Object, Object, Object, Object, Object, Object, Object, Object, Object, Object, Object, Object, Object, Object, Object, Object, Object, Object, Object, Object, Object] @ https://www.cineby.at/_next/static/chunks/pages/_app-7f914c75005fa612.js:0
[    5180ms] [LOG] [Object, Object, Object, Object, Object, Object, Object, Object, Object, Object, Object, Object, Object, Object, Object, Object, Object, Object, Object, Object, Object, Object, Object, Object, Object, Object, Object, Object, Object, Object, Object, Object, Object, Object, Object, Object, Object, Object, Object, Object, Object, Object, Object, Object, Object, Object, Object, Object, Object, Object] @ https://www.cineby.at/_next/static/chunks/pages/_app-7f914c75005fa612.js:0
[    5657ms] [LOG] JSHandle@node @ https://www.cineby.at/_next/static/chunks/pages/_app-7f914c75005fa612.js:0
[    5658ms] [LOG] Sun Jul 05 2026 19:48:44 GMT+0530 (India Standard Time) @ https://www.cineby.at/_next/static/chunks/pages/_app-7f914c75005fa612.js:0
[    5658ms] [LOG] function(){} @ https://www.cineby.at/_next/static/chunks/pages/_app-7f914c75005fa612.js:0
[    5658ms] [TABLE] [Object, Object, Object, Object, Object, Object, Object, Object, Object, Object, Object, Object, Object, Object, Object, Object, Object, Object, Object, Object, Object, Object, Object, Object, Object, Object, Object, Object, Object, Object, Object, Object, Object, Object, Object, Object, Object, Object, Object, Object, Object, Object, Object, Object, Object, Object, Object, Object, Object, Object] @ https://www.cineby.at/_next/static/chunks/pages/_app-7f914c75005fa612.js:0
[    5690ms] [LOG] [Object, Object, Object, Object, Object, Object, Object, Object, Object, Object, Object, Object, Object, Object, Object, Object, Object, Object, Object, Object, Object, Object, Object, Object, Object, Object, Object, Object, Object, Object, Object, Object, Object, Object, Object, Object, Object, Object, Object, Object, Object, Object, Object, Object, Object, Object, Object, Object, Object, Object] @ https://www.cineby.at/_next/static/chunks/pages/_app-7f914c75005fa612.js:0
[    6156ms] [LOG] JSHandle@node @ https://www.cineby.at/_next/static/chunks/pages/_app-7f914c75005fa612.js:0
[    6156ms] [LOG] Sun Jul 05 2026 19:48:44 GMT+0530 (India Standard Time) @ https://www.cineby.at/_next/static/chunks/pages/_app-7f914c75005fa612.js:0
[    6156ms] [LOG] function(){} @ https://www.cineby.at/_next/static/chunks/pages/_app-7f914c75005fa612.js:0
[    6156ms] [TABLE] [Object, Object, Object, Object, Object, Object, Object, Object, Object, Object, Object, Object, Object, Object, Object, Object, Object, Object, Object, Object, Object, Object, Object, Object, Object, Object, Object, Object, Object, Object, Object, Object, Object, Object, Object, Object, Object, Object, Object, Object, Object, Object, Object, Object, Object, Object, Object, Object, Object, Object] @ https://www.cineby.at/_next/static/chunks/pages/_app-7f914c75005fa612.js:0
[    6167ms] [LOG] [Object, Object, Object, Object, Object, Object, Object, Object, Object, Object, Object, Object, Object, Object, Object, Object, Object, Object, Object, Object, Object, Object, Object, Object, Object, Object, Object, Object, Object, Object, Object, Object, Object, Object, Object, Object, Object, Object, Object, Object, Object, Object, Object, Object, Object, Object, Object, Object, Object, Object] @ https://www.cineby.at/_next/static/chunks/pages/_app-7f914c75005fa612.js:0
[    6656ms] [LOG] JSHandle@node @ https://www.cineby.at/_next/static/chunks/pages/_app-7f914c75005fa612.js:0
[    6656ms] [LOG] Sun Jul 05 2026 19:48:44 GMT+0530 (India Standard Time) @ https://www.cineby.at/_next/static/chunks/pages/_app-7f914c75005fa612.js:0
[    6657ms] [LOG] function(){} @ https://www.cineby.at/_next/static/chunks/pages/_app-7f914c75005fa612.js:0
[    6657ms] [TABLE] [Object, Object, Object, Object, Object, Object, Object, Object, Object, Object, Object, Object, Object, Object, Object, Object, Object, Object, Object, Object, Object, Object, Object, Object, Object, Object, Object, Object, Object, Object, Object, Object, Object, Object, Object, Object, Object, Object, Object, Object, Object, Object, Object, Object, Object, Object, Object, Object, Object, Object] @ https://www.cineby.at/_next/static/chunks/pages/_app-7f914c75005fa612.js:0
[    6668ms] [LOG] [Object, Object, Object, Object, Object, Object, Object, Object, Object, Object, Object, Object, Object, Object, Object, Object, Object, Object, Object, Object, Object, Object, Object, Object, Object, Object, Object, Object, Object, Object, Object, Object, Object, Object, Object, Object, Object, Object, Object, Object, Object, Object, Object, Object, Object, Object, Object, Object, Object, Object] @ https://www.cineby.at/_next/static/chunks/pages/_app-7f914c75005fa612.js:0
[    6803ms] [WARNING] An iframe which has both allow-scripts and allow-same-origin for its sandbox attribute can escape its sandboxing. @ about:srcdoc:0
[    7157ms] [LOG] JSHandle@node @ https://www.cineby.at/_next/static/chunks/pages/_app-7f914c75005fa612.js:0
[    7157ms] [LOG] Sun Jul 05 2026 19:48:44 GMT+0530 (India Standard Time) @ https://www.cineby.at/_next/static/chunks/pages/_app-7f914c75005fa612.js:0
[    7157ms] [LOG] function(){} @ https://www.cineby.at/_next/static/chunks/pages/_app-7f914c75005fa612.js:0
[    7157ms] [TABLE] [Object, Object, Object, Object, Object, Object, Object, Object, Object, Object, Object, Object, Object, Object, Object, Object, Object, Object, Object, Object, Object, Object, Object, Object, Object, Object, Object, Object, Object, Object, Object, Object, Object, Object, Object, Object, Object, Object, Object, Object, Object, Object, Object, Object, Object, Object, Object, Object, Object, Object] @ https://www.cineby.at/_next/static/chunks/pages/_app-7f914c75005fa612.js:0
[    7169ms] [LOG] [Object, Object, Object, Object, Object, Object, Object, Object, Object, Object, Object, Object, Object, Object, Object, Object, Object, Object, Object, Object, Object, Object, Object, Object, Object, Object, Object, Object, Object, Object, Object, Object, Object, Object, Object, Object, Object, Object, Object, Object, Object, Object, Object, Object, Object, Object, Object, Object, Object, Object] @ https://www.cineby.at/_next/static/chunks/pages/_app-7f914c75005fa612.js:0
[    7656ms] [LOG] JSHandle@node @ https://www.cineby.at/_next/static/chunks/pages/_app-7f914c75005fa612.js:0
[    7657ms] [LOG] Sun Jul 05 2026 19:48:44 GMT+0530 (India Standard Time) @ https://www.cineby.at/_next/static/chunks/pages/_app-7f914c75005fa612.js:0
[    7657ms] [LOG] function(){} @ https://www.cineby.at/_next/static/chunks/pages/_app-7f914c75005fa612.js:0
[    7657ms] [TABLE] [Object, Object, Object, Object, Object, Object, Object, Object, Object, Object, Object, Object, Object, Object, Object, Object, Object, Object, Object, Object, Object, Object, Object, Object, Object, Object, Object, Object, Object, Object, Object, Object, Object, Object, Object, Object, Object, Object, Object, Object, Object, Object, Object, Object, Object, Object, Object, Object, Object, Object] @ https://www.cineby.at/_next/static/chunks/pages/_app-7f914c75005fa612.js:0
[    7668ms] [LOG] [Object, Object, Object, Object, Object, Object, Object, Object, Object, Object, Object, Object, Object, Object, Object, Object, Object, Object, Object, Object, Object, Object, Object, Object, Object, Object, Object, Object, Object, Object, Object, Object, Object, Object, Object, Object, Object, Object, Object, Object, Object, Object, Object, Object, Object, Object, Object, Object, Object, Object] @ https://www.cineby.at/_next/static/chunks/pages/_app-7f914c75005fa612.js:0
[    8156ms] [LOG] JSHandle@node @ https://www.cineby.at/_next/static/chunks/pages/_app-7f914c75005fa612.js:0
[    8156ms] [LOG] Sun Jul 05 2026 19:48:44 GMT+0530 (India Standard Time) @ https://www.cineby.at/_next/static/chunks/pages/_app-7f914c75005fa612.js:0
[    8157ms] [LOG] function(){} @ https://www.cineby.at/_next/static/chunks/pages/_app-7f914c75005fa612.js:0
[    8157ms] [TABLE] [Object, Object, Object, Object, Object, Object, Object, Object, Object, Object, Object, Object, Object, Object, Object, Object, Object, Object, Object, Object, Object, Object, Object, Object, Object, Object, Object, Object, Object, Object, Object, Object, Object, Object, Object, Object, Object, Object, Object, Object, Object, Object, Object, Object, Object, Object, Object, Object, Object, Object] @ https://www.cineby.at/_next/static/chunks/pages/_app-7f914c75005fa612.js:0
[    8168ms] [LOG] [Object, Object, Object, Object, Object, Object, Object, Object, Object, Object, Object, Object, Object, Object, Object, Object, Object, Object, Object, Object, Object, Object, Object, Object, Object, Object, Object, Object, Object, Object, Object, Object, Object, Object, Object, Object, Object, Object, Object, Object, Object, Object, Object, Object, Object, Object, Object, Object, Object, Object] @ https://www.cineby.at/_next/static/chunks/pages/_app-7f914c75005fa612.js:0
[    8168ms] [WARNING] You don't have permission to use DEVTOOL!【type = 6】 @ https://www.cineby.at/_next/static/chunks/pages/_app-7f914c75005fa612.js:0
